make all --print-data-base --no-builtin-variables --no-builtin-rules --question
# GNU Make 3.81
# Copyright (C) 2006  Free Software Foundation, Inc.
# This is free software; see the source for copying conditions.
# There is NO warranty; not even for MERCHANTABILITY or FITNESS FOR A
# PARTICULAR PURPOSE.

# This program built for i386-apple-darwin11.3.0
 
make: *** No rule to make target `all'.  Stop.


# Make data base, printed on Sat Jul 30 11:01:57 2022

# Variables

# automatic
<D = $(patsubst %/,%,$(dir $<))
# automatic
?F = $(notdir $?)
# environment
ELECTRON_NO_ATTACH_CONSOLE = 1
# environment
define TF_SHELL_ALIASES
-='cd -'
...=../..
....=../../..
.....=../../../..
......=../../../../..
1='cd -1'
2='cd -2'
3='cd -3'
4='cd -4'
5='cd -5'
6='cd -6'
7='cd -7'
8='cd -8'
9='cd -9'
_='sudo '
afind='ack -il'
egrep='egrep --color=auto --exclude-dir={.bzr,CVS,.git,.hg,.svn,.idea,.tox}'
fgrep='fgrep --color=auto --exclude-dir={.bzr,CVS,.git,.hg,.svn,.idea,.tox}'
g=git
ga='git add'
gaa='git add --all'
gam='git am'
gama='git am --abort'
gamc='git am --continue'
gams='git am --skip'
gamscp='git am --show-current-patch'
gap='git apply'
gapa='git add --patch'
gapt='git apply --3way'
gau='git add --update'
gav='git add --verbose'
gb='git branch'
gbD='git branch -D'
gba='git branch -a'
gbd='git branch -d'
gbda='git branch --no-color --merged | command grep -vE "^([+*]|\s*($(git_main_branch)|$(git_develop_branch))\s*$)" | command xargs git branch -d 2>/dev/null'
gbl='git blame -b -w'
gbnm='git branch --no-merged'
gbr='git branch --remote'
gbs='git bisect'
gbsb='git bisect bad'
gbsg='git bisect good'
gbsr='git bisect reset'
gbss='git bisect start'
gc='git commit -v'
'gc!'='git commit -v --amend'
gca='git commit -v -a'
'gca!'='git commit -v -a --amend'
gcam='git commit -a -m'
'gcan!'='git commit -v -a --no-edit --amend'
'gcans!'='git commit -v -a -s --no-edit --amend'
gcas='git commit -a -s'
gcasm='git commit -a -s -m'
gcb='git checkout -b'
gcd='git checkout $(git_develop_branch)'
gcf='git config --list'
gcl='git clone --recurse-submodules'
gclean='git clean -id'
gcm='git checkout $(git_main_branch)'
gcmsg='git commit -m'
'gcn!'='git commit -v --no-edit --amend'
gco='git checkout'
gcor='git checkout --recurse-submodules'
gcount='git shortlog -sn'
gcp='git cherry-pick'
gcpa='git cherry-pick --abort'
gcpc='git cherry-pick --continue'
gcs='git commit -S'
gcsm='git commit -s -m'
gcss='git commit -S -s'
gcssm='git commit -S -s -m'
gd='git diff'
gdca='git diff --cached'
gdct='git describe --tags $(git rev-list --tags --max-count=1)'
gdcw='git diff --cached --word-diff'
gds='git diff --staged'
gdt='git diff-tree --no-commit-id --name-only -r'
gdup='git diff @{upstream}'
gdw='git diff --word-diff'
gf='git fetch'
gfa='git fetch --all --prune --jobs=10'
gfg='git ls-files | grep'
gfo='git fetch origin'
gg='git gui citool'
gga='git gui citool --amend'
ggpull='git pull origin "$(git_current_branch)"'
ggpur=ggu
ggpush='git push origin "$(git_current_branch)"'
ggsup='git branch --set-upstream-to=origin/$(git_current_branch)'
ghh='git help'
gignore='git update-index --assume-unchanged'
gignored='git ls-files -v | grep "^[[:lower:]]"'
git-svn-dcommit-push='git svn dcommit && git push github $(git_main_branch):svntrunk'
gk='\gitk --all --branches &!'
gke='\gitk --all $(git log -g --pretty=%h) &!'
gl='git pull'
glg='git log --stat'
glgg='git log --graph'
glgga='git log --graph --decorate --all'
glgm='git log --graph --max-count=10'
glgp='git log --stat -p'
glo='git log --oneline --decorate'
globurl='noglob urlglobber '
glod='git log --graph --pretty='\''%Cred%h%Creset -%C(auto)%d%Creset %s %Cgreen(%ad) %C(bold blue)<%an>%Creset'\'
glods='git log --graph --pretty='\''%Cred%h%Creset -%C(auto)%d%Creset %s %Cgreen(%ad) %C(bold blue)<%an>%Creset'\'' --date=short'
glog='git log --oneline --decorate --graph'
gloga='git log --oneline --decorate --graph --all'
glol='git log --graph --pretty='\''%Cred%h%Creset -%C(auto)%d%Creset %s %Cgreen(%ar) %C(bold blue)<%an>%Creset'\'
glola='git log --graph --pretty='\''%Cred%h%Creset -%C(auto)%d%Creset %s %Cgreen(%ar) %C(bold blue)<%an>%Creset'\'' --all'
glols='git log --graph --pretty='\''%Cred%h%Creset -%C(auto)%d%Creset %s %Cgreen(%ar) %C(bold blue)<%an>%Creset'\'' --stat'
glp=_git_log_prettily
glum='git pull upstream $(git_main_branch)'
gm='git merge'
gma='git merge --abort'
gmom='git merge origin/$(git_main_branch)'
gmtl='git mergetool --no-prompt'
gmtlvim='git mergetool --no-prompt --tool=vimdiff'
gmum='git merge upstream/$(git_main_branch)'
gp='git push'
gpd='git push --dry-run'
gpf='git push --force-with-lease'
'gpf!'='git push --force'
gpoat='git push origin --all && git push origin --tags'
gpr='git pull --rebase'
gpristine='git reset --hard && git clean -dffx'
gpsup='git push --set-upstream origin $(git_current_branch)'
gpu='git push upstream'
gpv='git push -v'
gr='git remote'
gra='git remote add'
grb='git rebase'
grba='git rebase --abort'
grbc='git rebase --continue'
grbd='git rebase $(git_develop_branch)'
grbi='git rebase -i'
grbm='git rebase $(git_main_branch)'
grbo='git rebase --onto'
grbom='git rebase origin/$(git_main_branch)'
grbs='git rebase --skip'
grep='grep --color=auto --exclude-dir={.bzr,CVS,.git,.hg,.svn,.idea,.tox}'
grev='git revert'
grh='git reset'
grhh='git reset --hard'
grm='git rm'
grmc='git rm --cached'
grmv='git remote rename'
groh='git reset origin/$(git_current_branch) --hard'
grrm='git remote remove'
grs='git restore'
grset='git remote set-url'
grss='git restore --source'
grst='git restore --staged'
grt='cd "$(git rev-parse --show-toplevel || echo .)"'
gru='git reset --'
grup='git remote update'
grv='git remote -v'
gsb='git status -sb'
gsd='git svn dcommit'
gsh='git show'
gsi='git submodule init'
gsps='git show --pretty=short --show-signature'
gsr='git svn rebase'
gss='git status -s'
gst='git status'
gsta='git stash push'
gstaa='git stash apply'
gstall='git stash --all'
gstc='git stash clear'
gstd='git stash drop'
gstl='git stash list'
gstp='git stash pop'
gsts='git stash show --text'
gstu='gsta --include-untracked'
gsu='git submodule update'
gsw='git switch'
gswc='git switch -c'
gswd='git switch $(git_develop_branch)'
gswm='git switch $(git_main_branch)'
gtl='gtl(){ git tag --sort=-v:refname -n -l "${1}*" }; noglob gtl'
gts='git tag -s'
gtv='git tag | sort -V'
gunignore='git update-index --no-assume-unchanged'
gunwip='git log -n 1 | grep -q -c "\-\-wip\-\-" && git reset HEAD~1'
gup='git pull --rebase'
gupa='git pull --rebase --autostash'
gupav='git pull --rebase --autostash -v'
gupom='git pull --rebase origin $(git_main_branch)'
gupomi='git pull --rebase=interactive origin $(git_main_branch)'
gupv='git pull --rebase -v'
gwch='git whatchanged -p --abbrev-commit --pretty=medium'
gwip='git add -A; git rm $(git ls-files --deleted) 2> /dev/null; git commit --no-verify --no-gpg-sign -m "--wip-- [skip ci]"'
history=omz_history
ipython='python3 -c '\''import IPython; IPython.terminal.ipapp.launch_new_instance()'\'
l='ls -lah'
la='ls -lAh'
ll='ls -lh'
ls='ls -G'
lsa='ls -lah'
md='mkdir -p'
py=python3
pyfind='find . -name "*.py"'
pygrep='grep -nr --include="*.py"'
pyserver='python3 -m http.server'
rd=rmdir
run-help=man
which-command=whence
endef
# automatic
?D = $(patsubst %/,%,$(dir $?))
# environment
TF_SHELL = zsh
# automatic
@F = $(notdir $@)
# makefile
CURDIR := /Users/vanshsharma/Documents/src/leg_bot_js
# makefile
SHELL = /bin/sh
# environment
VSCODE_NLS_CONFIG = {"locale":"en-us","availableLanguages":{},"_languagePackSupport":true}
# environment
_ = /usr/bin/make
# makefile (from `Makefile', line 1)
MAKEFILE_LIST :=  Makefile
# automatic
@D = $(patsubst %/,%,$(dir $@))
# environment
TF_ALIAS = fuck
# environment
AUTOJUMP_SOURCED = 1
# environment
__CFBundleIdentifier = com.microsoft.VSCode
# environment
INFOPATH = /opt/homebrew/share/info:/opt/homebrew/share/info:
# environment
VSCODE_CWD = /Users/vanshsharma/Documents/src/leg_bot_js
# environment
PATH = /Users/vanshsharma/bin:/usr/local/bin:/opt/homebrew/bin:/opt/homebrew/sbin:/Library/Frameworks/Python.framework/Versions/3.10/bin:/usr/local/bin:/usr/bin:/bin:/usr/sbin:/sbin:/Users/vanshsharma/opt/anaconda3/condabin:/Users/vanshsharma/bin:/opt/homebrew/bin:/opt/homebrew/sbin:/Library/Frameworks/Python.framework/Versions/3.10/bin:/Users/vanshsharma/.fzf/bin
# environment
LSCOLORS = Gxfxcxdxbxegedabagacad
# environment
LaunchInstanceID = 07EF7D22-2102-4EA7-9F3D-057A21703B80
# environment
ELECTRON_RUN_AS_NODE = 1
# default
.FEATURES := target-specific order-only second-expansion else-if archives jobserver check-symlink
# environment
 
SSH_AUTH_SOCK = /private/tmp/com.apple.launchd.Yvwl4GBMDz/Listeners
# automatic
%F = $(notdir $%)
# environment
CONDA_EXE = /Users/vanshsharma/opt/anaconda3/bin/conda
# environment
TMUX_PANE = %3
# environment
PWD = /Users/vanshsharma/Documents/src/leg_bot_js
# environment
HOMEBREW_CELLAR = /opt/homebrew/Cellar
# environment
ORIGINAL_XDG_CURRENT_DESKTOP = undefined
# environment
MANPATH = /opt/homebrew/share/man:/usr/share/man:/usr/local/share/man:/opt/homebrew/share/man:
# environment
VSCODE_AMD_ENTRYPOINT = vs/workbench/api/node/extensionHostProcess
# environment
HOME = /Users/vanshsharma
# default
MAKEFILEPATH = $(shell /usr/bin/xcode-select -print-path 2>/dev/null || echo /Developer)/Makefiles
# environment
VSCODE_CLI = 1
# environment
VSCODE_CODE_CACHE_PATH = /Users/vanshsharma/Library/Application Support/Code/CachedData/3b889b090b5ad5793f524b5d1d39fda662b96a2a
# environment
LOGNAME = vanshsharma
# environment
APPLICATION_INSIGHTS_NO_DIAGNOSTIC_CHANNEL = 1
# environment
PYTHONIOENCODING = 
# environment
ZSH = /Users/vanshsharma/.oh-my-zsh
# environment
VSCODE_HANDLES_UNCAUGHT_ERRORS = true
# automatic
^D = $(patsubst %/,%,$(dir $^))
# environment
XPC_FLAGS = 0x0
# environment
COLORTERM = truecolor
# default
MAKE = $(MAKE_COMMAND)
# environment
LC_TERMINAL = iTerm2
# environment
SHLVL = 4
# default
MAKE_VERSION := 3.81
# environment
USER = vanshsharma
# makefile
.DEFAULT_GOAL := run
# default
MAKECMDGOALS := all
# environment
TERM_SESSION_ID = w0t0p0:392CAE73-14BA-4334-9477-43AB01FC66B5
# environment
LESS = -R
# automatic
%D = $(patsubst %/,%,$(dir $%))
# environment
CONDA_SHLVL = 0
# default
MAKE_COMMAND := /Library/Developer/CommandLineTools/usr/bin/make
# environment
TERM_PROGRAM = tmux
# default
.VARIABLES := 
# environment
TMPDIR = /var/folders/y_/yj5p38p93pbb436mclmcppsc0000gn/T/
# automatic
*F = $(notdir $*)
# environment
VSCODE_IPC_HOOK = /Users/vanshsharma/Library/Application Support/Code/1.69.2-main.sock
# environment
MallocNanoZone = 0
# makefile
MAKEFLAGS = Rrqp
# environment
MFLAGS = -Rrqp
# automatic
*D = $(patsubst %/,%,$(dir $*))
# environment
TERM_PROGRAM_VERSION = 3.3a
# environment
XPC_SERVICE_NAME = application.com.microsoft.VSCode.8597064.8597070.06868C92-FF93-4070-B7DC-52317F6E11E7
# environment
LC_TERMINAL_VERSION = 3.4.16
# environment
HOMEBREW_PREFIX = /opt/homebrew
# automatic
+D = $(patsubst %/,%,$(dir $+))
# environment
TMUX = /private/tmp/tmux-501/default,2073,1
# automatic
+F = $(notdir $+)
# environment
ITERM_SESSION_ID = w0t0p0:392CAE73-14BA-4334-9477-43AB01FC66B5
# environment
HOMEBREW_REPOSITORY = /opt/homebrew
# environment
COLORFGBG = 15;0
# environment
__CF_USER_TEXT_ENCODING = 0x1F5:0x0:0x0
# environment
COMMAND_MODE = unix2003
# default
MAKEFILES := 
# automatic
<F = $(notdir $<)
# environment
ITERM_PROFILE = Default
# environment
PAGER = less
# environment
LC_ALL = C
# environment
CONDA_PYTHON_EXE = /Users/vanshsharma/opt/anaconda3/bin/python
# environment
SECURITYSESSIONID = 186b2
# automatic
^F = $(notdir $^)
# default
SUFFIXES := 
# environment
_CE_M = 
# default
.INCLUDE_DIRS = /usr/local/include
# environment
MAKELEVEL := 0
# environment
AUTOJUMP_ERROR_PATH = /Users/vanshsharma/Library/autojump/errors.log
# environment
LANG = C
# environment
TERM = screen-256color
# environment
VSCODE_PID = 631
# environment
_CE_CONDA = 
# variable set hash-table stats:
# Load=94/1024=9%, Rehash=0, Collisions=5/118=4%

# Pattern-specific Variable Values

# No pattern-specific variable values.

# Directories

# . (device 16777229, inode 4497676): 20 files, no impossibilities.

# 20 files, no impossibilities in 1 directories.

# Implicit Rules

# No implicit rules.

# Files

# Not a target:
all:
#  Command-line target.
#  Implicit rule search has been done.
#  File does not exist.
#  File has not been updated.
# variable set hash-table stats:
# Load=0/32=0%, Rehash=0, Collisions=0/0=0%

# Not a target:
.SUFFIXES:
#  Implicit rule search has not been done.
#  Modification time never checked.
#  File has not been updated.

# Not a target:
Makefile:
#  Implicit rule search has been done.
#  Last modified 2022-07-13 11:49:38
#  File has been updated.
#  Successfully updated.
# variable set hash-table stats:
# Load=0/32=0%, Rehash=0, Collisions=0/0=0%

# Not a target:
.DEFAULT:
#  Implicit rule search has not been done.
#  Modification time never checked.
#  File has not been updated.

run:
#  Implicit rule search has not been done.
#  Modification time never checked.
#  File has not been updated.
#  commands to execute (from `Makefile', line 2):
	docker compose build && docker compose up -d
	

# files hash-table stats:
# Load=5/1024=0%, Rehash=0, Collisions=0/17=0%
# VPATH Search Paths

# No `vpath' search paths.

# No general (`VPATH' variable) search path.

# # of strings in strcache: 1
# # of strcache buffers: 1
# strcache size: total = 4096 / max = 4096 / min = 4096 / avg = 4096
# strcache free: total = 4087 / max = 4087 / min = 4087 / avg = 4087

# Finished Make data base on Sat Jul 30 11:01:57 2022

 
